<?xml version="1.0" encoding="UTF-8"?>
<testsuite xmlns:xsi="http://www.w3.org/2001/XMLSchema-instance" xsi:noNamespaceSchemaLocation="https://maven.apache.org/surefire/maven-surefire-plugin/xsd/surefire-test-report.xsd" name="runner.TestRunner" time="6.552" tests="1" errors="1" skipped="0" failures="0">
  <properties>
    <property name="java.specification.version" value="18"/>
    <property name="sun.cpu.isalist" value="amd64"/>
    <property name="sun.jnu.encoding" value="Cp1252"/>
    <property name="java.class.path" value="C:\Users\Local-User.DESKTOP-3J7ERBB\eclipse-workspace\us.bdd.framework\target\test-classes;C:\Users\Local-User.DESKTOP-3J7ERBB\eclipse-workspace\us.bdd.framework\target\classes;C:\Users\Local-User.DESKTOP-3J7ERBB\.m2\repository\junit\junit\4.11\junit-4.11.jar;C:\Users\Local-User.DESKTOP-3J7ERBB\.m2\repository\org\hamcrest\hamcrest-core\1.3\hamcrest-core-1.3.jar;C:\Users\Local-User.DESKTOP-3J7ERBB\.m2\repository\org\seleniumhq\selenium\selenium-java\3.141.59\selenium-java-3.141.59.jar;C:\Users\Local-User.DESKTOP-3J7ERBB\.m2\repository\org\seleniumhq\selenium\selenium-api\3.141.59\selenium-api-3.141.59.jar;C:\Users\Local-User.DESKTOP-3J7ERBB\.m2\repository\org\seleniumhq\selenium\selenium-chrome-driver\3.141.59\selenium-chrome-driver-3.141.59.jar;C:\Users\Local-User.DESKTOP-3J7ERBB\.m2\repository\org\seleniumhq\selenium\selenium-edge-driver\3.141.59\selenium-edge-driver-3.141.59.jar;C:\Users\Local-User.DESKTOP-3J7ERBB\.m2\repository\org\seleniumhq\selenium\selenium-firefox-driver\3.141.59\selenium-firefox-driver-3.141.59.jar;C:\Users\Local-User.DESKTOP-3J7ERBB\.m2\repository\org\seleniumhq\selenium\selenium-ie-driver\3.141.59\selenium-ie-driver-3.141.59.jar;C:\Users\Local-User.DESKTOP-3J7ERBB\.m2\repository\org\seleniumhq\selenium\selenium-opera-driver\3.141.59\selenium-opera-driver-3.141.59.jar;C:\Users\Local-User.DESKTOP-3J7ERBB\.m2\repository\org\seleniumhq\selenium\selenium-remote-driver\3.141.59\selenium-remote-driver-3.141.59.jar;C:\Users\Local-User.DESKTOP-3J7ERBB\.m2\repository\org\seleniumhq\selenium\selenium-safari-driver\3.141.59\selenium-safari-driver-3.141.59.jar;C:\Users\Local-User.DESKTOP-3J7ERBB\.m2\repository\org\seleniumhq\selenium\selenium-support\3.141.59\selenium-support-3.141.59.jar;C:\Users\Local-User.DESKTOP-3J7ERBB\.m2\repository\net\bytebuddy\byte-buddy\1.8.15\byte-buddy-1.8.15.jar;C:\Users\Local-User.DESKTOP-3J7ERBB\.m2\repository\org\apache\commons\commons-exec\1.3\commons-exec-1.3.jar;C:\Users\Local-User.DESKTOP-3J7ERBB\.m2\repository\com\google\guava\guava\25.0-jre\guava-25.0-jre.jar;C:\Users\Local-User.DESKTOP-3J7ERBB\.m2\repository\com\google\code\findbugs\jsr305\1.3.9\jsr305-1.3.9.jar;C:\Users\Local-User.DESKTOP-3J7ERBB\.m2\repository\org\checkerframework\checker-compat-qual\2.0.0\checker-compat-qual-2.0.0.jar;C:\Users\Local-User.DESKTOP-3J7ERBB\.m2\repository\com\google\errorprone\error_prone_annotations\2.1.3\error_prone_annotations-2.1.3.jar;C:\Users\Local-User.DESKTOP-3J7ERBB\.m2\repository\com\google\j2objc\j2objc-annotations\1.1\j2objc-annotations-1.1.jar;C:\Users\Local-User.DESKTOP-3J7ERBB\.m2\repository\org\codehaus\mojo\animal-sniffer-annotations\1.14\animal-sniffer-annotations-1.14.jar;C:\Users\Local-User.DESKTOP-3J7ERBB\.m2\repository\com\squareup\okhttp3\okhttp\3.11.0\okhttp-3.11.0.jar;C:\Users\Local-User.DESKTOP-3J7ERBB\.m2\repository\com\squareup\okio\okio\1.14.0\okio-1.14.0.jar;C:\Users\Local-User.DESKTOP-3J7ERBB\.m2\repository\io\cucumber\cucumber-java\6.11.0\cucumber-java-6.11.0.jar;C:\Users\Local-User.DESKTOP-3J7ERBB\.m2\repository\io\cucumber\cucumber-core\6.11.0\cucumber-core-6.11.0.jar;C:\Users\Local-User.DESKTOP-3J7ERBB\.m2\repository\io\cucumber\cucumber-gherkin\6.11.0\cucumber-gherkin-6.11.0.jar;C:\Users\Local-User.DESKTOP-3J7ERBB\.m2\repository\io\cucumber\cucumber-gherkin-messages\6.11.0\cucumber-gherkin-messages-6.11.0.jar;C:\Users\Local-User.DESKTOP-3J7ERBB\.m2\repository\io\cucumber\messages\15.0.0\messages-15.0.0.jar;C:\Users\Local-User.DESKTOP-3J7ERBB\.m2\repository\io\cucumber\tag-expressions\3.0.1\tag-expressions-3.0.1.jar;C:\Users\Local-User.DESKTOP-3J7ERBB\.m2\repository\io\cucumber\cucumber-expressions\10.3.0\cucumber-expressions-10.3.0.jar;C:\Users\Local-User.DESKTOP-3J7ERBB\.m2\repository\io\cucumber\datatable\3.5.0\datatable-3.5.0.jar;C:\Users\Local-User.DESKTOP-3J7ERBB\.m2\repository\io\cucumber\cucumber-plugin\6.11.0\cucumber-plugin-6.11.0.jar;C:\Users\Local-User.DESKTOP-3J7ERBB\.m2\repository\io\cucumber\docstring\6.11.0\docstring-6.11.0.jar;C:\Users\Local-User.DESKTOP-3J7ERBB\.m2\repository\io\cucumber\html-formatter\13.0.0\html-formatter-13.0.0.jar;C:\Users\Local-User.DESKTOP-3J7ERBB\.m2\repository\io\cucumber\create-meta\4.0.0\create-meta-4.0.0.jar;C:\Users\Local-User.DESKTOP-3J7ERBB\.m2\repository\org\apiguardian\apiguardian-api\1.1.2\apiguardian-api-1.1.2.jar;C:\Users\Local-User.DESKTOP-3J7ERBB\.m2\repository\commons-io\commons-io\2.11.0\commons-io-2.11.0.jar;C:\Users\Local-User.DESKTOP-3J7ERBB\.m2\repository\org\apache\logging\log4j\log4j-core\2.17.2\log4j-core-2.17.2.jar;C:\Users\Local-User.DESKTOP-3J7ERBB\.m2\repository\org\apache\logging\log4j\log4j-api\2.17.2\log4j-api-2.17.2.jar;C:\Users\Local-User.DESKTOP-3J7ERBB\.m2\repository\log4j\log4j\1.2.17\log4j-1.2.17.jar;C:\Users\Local-User.DESKTOP-3J7ERBB\.m2\repository\net\masterthought\cucumber-reporting\4.11.2\cucumber-reporting-4.11.2.jar;C:\Users\Local-User.DESKTOP-3J7ERBB\.m2\repository\com\fasterxml\jackson\core\jackson-databind\2.9.9.3\jackson-databind-2.9.9.3.jar;C:\Users\Local-User.DESKTOP-3J7ERBB\.m2\repository\com\fasterxml\jackson\core\jackson-annotations\2.9.0\jackson-annotations-2.9.0.jar;C:\Users\Local-User.DESKTOP-3J7ERBB\.m2\repository\com\fasterxml\jackson\core\jackson-core\2.9.9\jackson-core-2.9.9.jar;C:\Users\Local-User.DESKTOP-3J7ERBB\.m2\repository\org\apache\velocity\velocity\1.7\velocity-1.7.jar;C:\Users\Local-User.DESKTOP-3J7ERBB\.m2\repository\commons-lang\commons-lang\2.4\commons-lang-2.4.jar;C:\Users\Local-User.DESKTOP-3J7ERBB\.m2\repository\commons-collections\commons-collections\3.2.2\commons-collections-3.2.2.jar;C:\Users\Local-User.DESKTOP-3J7ERBB\.m2\repository\velocity-tools\velocity-tools\1.4\velocity-tools-1.4.jar;C:\Users\Local-User.DESKTOP-3J7ERBB\.m2\repository\joda-time\joda-time\2.10.2\joda-time-2.10.2.jar;C:\Users\Local-User.DESKTOP-3J7ERBB\.m2\repository\org\apache\commons\commons-lang3\3.9\commons-lang3-3.9.jar;C:\Users\Local-User.DESKTOP-3J7ERBB\.m2\repository\org\codehaus\plexus\plexus-utils\3.2.0\plexus-utils-3.2.0.jar;C:\Users\Local-User.DESKTOP-3J7ERBB\.m2\repository\org\jsoup\jsoup\1.12.1\jsoup-1.12.1.jar;C:\Users\Local-User.DESKTOP-3J7ERBB\.m2\repository\com\googlecode\owasp-java-html-sanitizer\owasp-java-html-sanitizer\20190610.1\owasp-java-html-sanitizer-20190610.1.jar;C:\Users\Local-User.DESKTOP-3J7ERBB\.m2\repository\commons-configuration\commons-configuration\1.10\commons-configuration-1.10.jar;C:\Users\Local-User.DESKTOP-3J7ERBB\.m2\repository\commons-logging\commons-logging\1.1.1\commons-logging-1.1.1.jar;C:\Users\Local-User.DESKTOP-3J7ERBB\.m2\repository\io\cucumber\cucumber-junit\6.11.0\cucumber-junit-6.11.0.jar;C:\Users\Local-User.DESKTOP-3J7ERBB\.m2\repository\io\github\bonigarcia\webdrivermanager\3.8.1\webdrivermanager-3.8.1.jar;C:\Users\Local-User.DESKTOP-3J7ERBB\.m2\repository\org\slf4j\slf4j-api\1.7.25\slf4j-api-1.7.25.jar;C:\Users\Local-User.DESKTOP-3J7ERBB\.m2\repository\com\google\code\gson\gson\2.8.5\gson-2.8.5.jar;C:\Users\Local-User.DESKTOP-3J7ERBB\.m2\repository\org\apache\httpcomponents\httpclient\4.5.6\httpclient-4.5.6.jar;C:\Users\Local-User.DESKTOP-3J7ERBB\.m2\repository\org\apache\httpcomponents\httpcore\4.4.10\httpcore-4.4.10.jar;C:\Users\Local-User.DESKTOP-3J7ERBB\.m2\repository\commons-codec\commons-codec\1.10\commons-codec-1.10.jar;C:\Users\Local-User.DESKTOP-3J7ERBB\.m2\repository\org\rauschig\jarchivelib\1.0.0\jarchivelib-1.0.0.jar;C:\Users\Local-User.DESKTOP-3J7ERBB\.m2\repository\org\apache\commons\commons-compress\1.18\commons-compress-1.18.jar;"/>
    <property name="java.vm.vendor" value="Oracle Corporation"/>
    <property name="sun.arch.data.model" value="64"/>
    <property name="user.variant" value=""/>
    <property name="java.vendor.url" value="https://java.oracle.com/"/>
    <property name="user.timezone" value="America/New_York"/>
    <property name="os.name" value="Windows 11"/>
    <property name="java.vm.specification.version" value="18"/>
    <property name="sun.java.launcher" value="SUN_STANDARD"/>
    <property name="user.country" value="US"/>
    <property name="sun.boot.library.path" value="C:\Program Files\Java\jdk-18.0.2\bin"/>
    <property name="sun.java.command" value="C:\Users\LOCAL-~1.DES\AppData\Local\Temp\surefire13059147079926090846\surefirebooter14488707004442577607.jar C:\Users\Local-User.DESKTOP-3J7ERBB\AppData\Local\Temp\surefire13059147079926090846 2022-09-08T15-57-28_845-jvmRun1 surefire5221976641109111049tmp surefire_015246759601191601488tmp"/>
    <property name="jdk.debug" value="release"/>
    <property name="surefire.test.class.path" value="C:\Users\Local-User.DESKTOP-3J7ERBB\eclipse-workspace\us.bdd.framework\target\test-classes;C:\Users\Local-User.DESKTOP-3J7ERBB\eclipse-workspace\us.bdd.framework\target\classes;C:\Users\Local-User.DESKTOP-3J7ERBB\.m2\repository\junit\junit\4.11\junit-4.11.jar;C:\Users\Local-User.DESKTOP-3J7ERBB\.m2\repository\org\hamcrest\hamcrest-core\1.3\hamcrest-core-1.3.jar;C:\Users\Local-User.DESKTOP-3J7ERBB\.m2\repository\org\seleniumhq\selenium\selenium-java\3.141.59\selenium-java-3.141.59.jar;C:\Users\Local-User.DESKTOP-3J7ERBB\.m2\repository\org\seleniumhq\selenium\selenium-api\3.141.59\selenium-api-3.141.59.jar;C:\Users\Local-User.DESKTOP-3J7ERBB\.m2\repository\org\seleniumhq\selenium\selenium-chrome-driver\3.141.59\selenium-chrome-driver-3.141.59.jar;C:\Users\Local-User.DESKTOP-3J7ERBB\.m2\repository\org\seleniumhq\selenium\selenium-edge-driver\3.141.59\selenium-edge-driver-3.141.59.jar;C:\Users\Local-User.DESKTOP-3J7ERBB\.m2\repository\org\seleniumhq\selenium\selenium-firefox-driver\3.141.59\selenium-firefox-driver-3.141.59.jar;C:\Users\Local-User.DESKTOP-3J7ERBB\.m2\repository\org\seleniumhq\selenium\selenium-ie-driver\3.141.59\selenium-ie-driver-3.141.59.jar;C:\Users\Local-User.DESKTOP-3J7ERBB\.m2\repository\org\seleniumhq\selenium\selenium-opera-driver\3.141.59\selenium-opera-driver-3.141.59.jar;C:\Users\Local-User.DESKTOP-3J7ERBB\.m2\repository\org\seleniumhq\selenium\selenium-remote-driver\3.141.59\selenium-remote-driver-3.141.59.jar;C:\Users\Local-User.DESKTOP-3J7ERBB\.m2\repository\org\seleniumhq\selenium\selenium-safari-driver\3.141.59\selenium-safari-driver-3.141.59.jar;C:\Users\Local-User.DESKTOP-3J7ERBB\.m2\repository\org\seleniumhq\selenium\selenium-support\3.141.59\selenium-support-3.141.59.jar;C:\Users\Local-User.DESKTOP-3J7ERBB\.m2\repository\net\bytebuddy\byte-buddy\1.8.15\byte-buddy-1.8.15.jar;C:\Users\Local-User.DESKTOP-3J7ERBB\.m2\repository\org\apache\commons\commons-exec\1.3\commons-exec-1.3.jar;C:\Users\Local-User.DESKTOP-3J7ERBB\.m2\repository\com\google\guava\guava\25.0-jre\guava-25.0-jre.jar;C:\Users\Local-User.DESKTOP-3J7ERBB\.m2\repository\com\google\code\findbugs\jsr305\1.3.9\jsr305-1.3.9.jar;C:\Users\Local-User.DESKTOP-3J7ERBB\.m2\repository\org\checkerframework\checker-compat-qual\2.0.0\checker-compat-qual-2.0.0.jar;C:\Users\Local-User.DESKTOP-3J7ERBB\.m2\repository\com\google\errorprone\error_prone_annotations\2.1.3\error_prone_annotations-2.1.3.jar;C:\Users\Local-User.DESKTOP-3J7ERBB\.m2\repository\com\google\j2objc\j2objc-annotations\1.1\j2objc-annotations-1.1.jar;C:\Users\Local-User.DESKTOP-3J7ERBB\.m2\repository\org\codehaus\mojo\animal-sniffer-annotations\1.14\animal-sniffer-annotations-1.14.jar;C:\Users\Local-User.DESKTOP-3J7ERBB\.m2\repository\com\squareup\okhttp3\okhttp\3.11.0\okhttp-3.11.0.jar;C:\Users\Local-User.DESKTOP-3J7ERBB\.m2\repository\com\squareup\okio\okio\1.14.0\okio-1.14.0.jar;C:\Users\Local-User.DESKTOP-3J7ERBB\.m2\repository\io\cucumber\cucumber-java\6.11.0\cucumber-java-6.11.0.jar;C:\Users\Local-User.DESKTOP-3J7ERBB\.m2\repository\io\cucumber\cucumber-core\6.11.0\cucumber-core-6.11.0.jar;C:\Users\Local-User.DESKTOP-3J7ERBB\.m2\repository\io\cucumber\cucumber-gherkin\6.11.0\cucumber-gherkin-6.11.0.jar;C:\Users\Local-User.DESKTOP-3J7ERBB\.m2\repository\io\cucumber\cucumber-gherkin-messages\6.11.0\cucumber-gherkin-messages-6.11.0.jar;C:\Users\Local-User.DESKTOP-3J7ERBB\.m2\repository\io\cucumber\messages\15.0.0\messages-15.0.0.jar;C:\Users\Local-User.DESKTOP-3J7ERBB\.m2\repository\io\cucumber\tag-expressions\3.0.1\tag-expressions-3.0.1.jar;C:\Users\Local-User.DESKTOP-3J7ERBB\.m2\repository\io\cucumber\cucumber-expressions\10.3.0\cucumber-expressions-10.3.0.jar;C:\Users\Local-User.DESKTOP-3J7ERBB\.m2\repository\io\cucumber\datatable\3.5.0\datatable-3.5.0.jar;C:\Users\Local-User.DESKTOP-3J7ERBB\.m2\repository\io\cucumber\cucumber-plugin\6.11.0\cucumber-plugin-6.11.0.jar;C:\Users\Local-User.DESKTOP-3J7ERBB\.m2\repository\io\cucumber\docstring\6.11.0\docstring-6.11.0.jar;C:\Users\Local-User.DESKTOP-3J7ERBB\.m2\repository\io\cucumber\html-formatter\13.0.0\html-formatter-13.0.0.jar;C:\Users\Local-User.DESKTOP-3J7ERBB\.m2\repository\io\cucumber\create-meta\4.0.0\create-meta-4.0.0.jar;C:\Users\Local-User.DESKTOP-3J7ERBB\.m2\repository\org\apiguardian\apiguardian-api\1.1.2\apiguardian-api-1.1.2.jar;C:\Users\Local-User.DESKTOP-3J7ERBB\.m2\repository\commons-io\commons-io\2.11.0\commons-io-2.11.0.jar;C:\Users\Local-User.DESKTOP-3J7ERBB\.m2\repository\org\apache\logging\log4j\log4j-core\2.17.2\log4j-core-2.17.2.jar;C:\Users\Local-User.DESKTOP-3J7ERBB\.m2\repository\org\apache\logging\log4j\log4j-api\2.17.2\log4j-api-2.17.2.jar;C:\Users\Local-User.DESKTOP-3J7ERBB\.m2\repository\log4j\log4j\1.2.17\log4j-1.2.17.jar;C:\Users\Local-User.DESKTOP-3J7ERBB\.m2\repository\net\masterthought\cucumber-reporting\4.11.2\cucumber-reporting-4.11.2.jar;C:\Users\Local-User.DESKTOP-3J7ERBB\.m2\repository\com\fasterxml\jackson\core\jackson-databind\2.9.9.3\jackson-databind-2.9.9.3.jar;C:\Users\Local-User.DESKTOP-3J7ERBB\.m2\repository\com\fasterxml\jackson\core\jackson-annotations\2.9.0\jackson-annotations-2.9.0.jar;C:\Users\Local-User.DESKTOP-3J7ERBB\.m2\repository\com\fasterxml\jackson\core\jackson-core\2.9.9\jackson-core-2.9.9.jar;C:\Users\Local-User.DESKTOP-3J7ERBB\.m2\repository\org\apache\velocity\velocity\1.7\velocity-1.7.jar;C:\Users\Local-User.DESKTOP-3J7ERBB\.m2\repository\commons-lang\commons-lang\2.4\commons-lang-2.4.jar;C:\Users\Local-User.DESKTOP-3J7ERBB\.m2\repository\commons-collections\commons-collections\3.2.2\commons-collections-3.2.2.jar;C:\Users\Local-User.DESKTOP-3J7ERBB\.m2\repository\velocity-tools\velocity-tools\1.4\velocity-tools-1.4.jar;C:\Users\Local-User.DESKTOP-3J7ERBB\.m2\repository\joda-time\joda-time\2.10.2\joda-time-2.10.2.jar;C:\Users\Local-User.DESKTOP-3J7ERBB\.m2\repository\org\apache\commons\commons-lang3\3.9\commons-lang3-3.9.jar;C:\Users\Local-User.DESKTOP-3J7ERBB\.m2\repository\org\codehaus\plexus\plexus-utils\3.2.0\plexus-utils-3.2.0.jar;C:\Users\Local-User.DESKTOP-3J7ERBB\.m2\repository\org\jsoup\jsoup\1.12.1\jsoup-1.12.1.jar;C:\Users\Local-User.DESKTOP-3J7ERBB\.m2\repository\com\googlecode\owasp-java-html-sanitizer\owasp-java-html-sanitizer\20190610.1\owasp-java-html-sanitizer-20190610.1.jar;C:\Users\Local-User.DESKTOP-3J7ERBB\.m2\repository\commons-configuration\commons-configuration\1.10\commons-configuration-1.10.jar;C:\Users\Local-User.DESKTOP-3J7ERBB\.m2\repository\commons-logging\commons-logging\1.1.1\commons-logging-1.1.1.jar;C:\Users\Local-User.DESKTOP-3J7ERBB\.m2\repository\io\cucumber\cucumber-junit\6.11.0\cucumber-junit-6.11.0.jar;C:\Users\Local-User.DESKTOP-3J7ERBB\.m2\repository\io\github\bonigarcia\webdrivermanager\3.8.1\webdrivermanager-3.8.1.jar;C:\Users\Local-User.DESKTOP-3J7ERBB\.m2\repository\org\slf4j\slf4j-api\1.7.25\slf4j-api-1.7.25.jar;C:\Users\Local-User.DESKTOP-3J7ERBB\.m2\repository\com\google\code\gson\gson\2.8.5\gson-2.8.5.jar;C:\Users\Local-User.DESKTOP-3J7ERBB\.m2\repository\org\apache\httpcomponents\httpclient\4.5.6\httpclient-4.5.6.jar;C:\Users\Local-User.DESKTOP-3J7ERBB\.m2\repository\org\apache\httpcomponents\httpcore\4.4.10\httpcore-4.4.10.jar;C:\Users\Local-User.DESKTOP-3J7ERBB\.m2\repository\commons-codec\commons-codec\1.10\commons-codec-1.10.jar;C:\Users\Local-User.DESKTOP-3J7ERBB\.m2\repository\org\rauschig\jarchivelib\1.0.0\jarchivelib-1.0.0.jar;C:\Users\Local-User.DESKTOP-3J7ERBB\.m2\repository\org\apache\commons\commons-compress\1.18\commons-compress-1.18.jar;"/>
    <property name="sun.cpu.endian" value="little"/>
    <property name="user.home" value="C:\Users\Local-User.DESKTOP-3J7ERBB"/>
    <property name="user.language" value="en"/>
    <property name="java.specification.vendor" value="Oracle Corporation"/>
    <property name="java.version.date" value="2022-07-19"/>
    <property name="java.home" value="C:\Program Files\Java\jdk-18.0.2"/>
    <property name="file.separator" value="\"/>
    <property name="basedir" value="C:\Users\Local-User.DESKTOP-3J7ERBB\eclipse-workspace\us.bdd.framework"/>
    <property name="java.vm.compressedOopsMode" value="Zero based"/>
    <property name="line.separator" value="&#10;"/>
    <property name="java.vm.specification.vendor" value="Oracle Corporation"/>
    <property name="java.specification.name" value="Java Platform API Specification"/>
    <property name="surefire.real.class.path" value="C:\Users\LOCAL-~1.DES\AppData\Local\Temp\surefire13059147079926090846\surefirebooter14488707004442577607.jar"/>
    <property name="user.script" value=""/>
    <property name="sun.management.compiler" value="HotSpot 64-Bit Tiered Compilers"/>
    <property name="java.runtime.version" value="18.0.2+9-61"/>
    <property name="user.name" value="Local-User"/>
    <property name="path.separator" value=";"/>
    <property name="os.version" value="10.0"/>
    <property name="java.runtime.name" value="Java(TM) SE Runtime Environment"/>
    <property name="file.encoding" value="UTF-8"/>
    <property name="java.vm.name" value="Java HotSpot(TM) 64-Bit Server VM"/>
    <property name="localRepository" value="C:\Users\Local-User.DESKTOP-3J7ERBB\.m2\repository"/>
    <property name="java.vendor.url.bug" value="https://bugreport.java.com/bugreport/"/>
    <property name="java.io.tmpdir" value="C:\Users\LOCAL-~1.DES\AppData\Local\Temp\"/>
    <property name="java.version" value="18.0.2"/>
    <property name="user.dir" value="C:\Users\Local-User.DESKTOP-3J7ERBB\eclipse-workspace\us.bdd.framework"/>
    <property name="os.arch" value="amd64"/>
    <property name="java.vm.specification.name" value="Java Virtual Machine Specification"/>
    <property name="sun.os.patch.level" value=""/>
    <property name="native.encoding" value="Cp1252"/>
    <property name="java.library.path" value="C:\Program Files\Java\jdk-18.0.2\bin;C:\WINDOWS\Sun\Java\bin;C:\WINDOWS\system32;C:\WINDOWS;C:\Program Files\Common Files\Oracle\Java\javapath;C:\Program Files\Microsoft MPI\Bin\;C:\WINDOWS\system32;C:\WINDOWS;C:\WINDOWS\System32\Wbem;C:\WINDOWS\System32\WindowsPowerShell\v1.0\;C:\WINDOWS\System32\OpenSSH\;C:\Program Files (x86)\Microsoft SQL Server\130\Tools\Binn\;C:\Program Files\Microsoft SQL Server\130\Tools\Binn\;C:\Program Files (x86)\Microsoft SQL Server\130\DTS\Binn\;C:\Program Files\Microsoft SQL Server\130\DTS\Binn\;C:\Program Files\Microsoft SQL Server\Client SDK\ODBC\130\Tools\Binn\;C:\Program Files\dotnet\;C:\Program Files (x86)\Microsoft SQL Server\150\DTS\Binn\;C:\Program Files\Microsoft VS Code\bin;C:\Program Files\Microsoft SQL Server\Client SDK\ODBC\170\Tools\Binn\;C:\xampp\php;C:\composer;C:\Program Files\Git\cmd;C:\Program Files\Google\Google Apps Sync\;C:\Program Files\Google\Google Apps Migration\;C:\Users\Local-User.DESKTOP-3J7ERBB\AppData\Local\Programs\Python\Python39\Scripts\;C:\Users\Local-User.DESKTOP-3J7ERBB\AppData\Local\Programs\Python\Python39\;C:\Users\Local-User.DESKTOP-3J7ERBB\AppData\Local\Microsoft\WindowsApps;C:\Users\Local-User.DESKTOP-3J7ERBB\AppData\Roaming\Composer\vendor\bin;C:\Users\Local-User.DESKTOP-3J7ERBB\.dotnet\tools;C:\Users\Local-User.DESKTOP-3J7ERBB\.dotnet\tools;C:\Users\Local-User.DESKTOP-3J7ERBB\AppData\Local\Microsoft\WindowsApps;;."/>
    <property name="java.vm.info" value="mixed mode, sharing"/>
    <property name="java.vendor" value="Oracle Corporation"/>
    <property name="java.vm.version" value="18.0.2+9-61"/>
    <property name="sun.io.unicode.encoding" value="UnicodeLittle"/>
    <property name="java.class.version" value="62.0"/>
  </properties>
  <testcase name="Register to Retail Website" classname="Tek School Retail Website" time="3.864">
    <error message="The step &apos;user click on Register option&apos; and 4 other step(s) are undefined.&#10;You can implement these steps using the snippet(s) below:&#10;&#10;@When(&quot;user click on Register option&quot;)&#10;public void user_click_on_register_option() {&#10;    // Write code here that turns the phrase above into concrete actions&#10;    throw new io.cucumber.java.PendingException();&#10;}&#10;@When(&quot;user fill the register form with below information&quot;)&#10;public void user_fill_the_register_form_with_below_information(io.cucumber.datatable.DataTable dataTable) {&#10;    // Write code here that turns the phrase above into concrete actions&#10;    // For automatic transformation, change DataTable to one of&#10;    // E, List&lt;E&gt;, List&lt;List&lt;E&gt;&gt;, List&lt;Map&lt;K,V&gt;&gt;, Map&lt;K,V&gt; or&#10;    // Map&lt;K, List&lt;V&gt;&gt;. E,K,V must be a String, Integer, Float,&#10;    // Double, Byte, Short, Long, BigInteger or BigDecimal.&#10;    //&#10;    // For other transformations you can register a DataTableType.&#10;    throw new io.cucumber.java.PendingException();&#10;}&#10;@When(&quot;user accept privacyPolicy&quot;)&#10;public void user_accept_privacy_policy() {&#10;    // Write code here that turns the phrase above into concrete actions&#10;    throw new io.cucumber.java.PendingException();&#10;}&#10;@When(&quot;user click on Continue Button&quot;)&#10;public void user_click_on_continue_button() {&#10;    // Write code here that turns the phrase above into concrete actions&#10;    throw new io.cucumber.java.PendingException();&#10;}&#10;@Then(&quot;user should see a successfull message {string}&quot;)&#10;public void user_should_see_a_successfull_message(String string) {&#10;    // Write code here that turns the phrase above into concrete actions&#10;    throw new io.cucumber.java.PendingException();&#10;}&#10;" type="io.cucumber.junit.UndefinedStepException"><![CDATA[io.cucumber.junit.UndefinedStepException: 
The step 'user click on Register option' and 4 other step(s) are undefined.
You can implement these steps using the snippet(s) below:

@When("user click on Register option")
public void user_click_on_register_option() {
    // Write code here that turns the phrase above into concrete actions
    throw new io.cucumber.java.PendingException();
}
@When("user fill the register form with below information")
public void user_fill_the_register_form_with_below_information(io.cucumber.datatable.DataTable dataTable) {
    // Write code here that turns the phrase above into concrete actions
    // For automatic transformation, change DataTable to one of
    // E, List<E>, List<List<E>>, List<Map<K,V>>, Map<K,V> or
    // Map<K, List<V>>. E,K,V must be a String, Integer, Float,
    // Double, Byte, Short, Long, BigInteger or BigDecimal.
    //
    // For other transformations you can register a DataTableType.
    throw new io.cucumber.java.PendingException();
}
@When("user accept privacyPolicy")
public void user_accept_privacy_policy() {
    // Write code here that turns the phrase above into concrete actions
    throw new io.cucumber.java.PendingException();
}
@When("user click on Continue Button")
public void user_click_on_continue_button() {
    // Write code here that turns the phrase above into concrete actions
    throw new io.cucumber.java.PendingException();
}
@Then("user should see a successfull message {string}")
public void user_should_see_a_successfull_message(String string) {
    // Write code here that turns the phrase above into concrete actions
    throw new io.cucumber.java.PendingException();
}

]]></error>
    <system-out><![CDATA[
@register
Scenario: Register to Retail Website                                          # feature/Retail.feature:21
 INFO [main] (Initialzer.java:11)- Scenario Register to Retail Website started
 INFO [main] (HomeStepDef.java:21)- user is on Home Page
  Given user is on Retail home                                                # step.definations.HomeStepDef.user_is_on_retail_home()
 INFO [main] (HomeStepDef.java:26)- user clicked on MyAccount
  When user click on MyAccount                                                # step.definations.HomeStepDef.user_click_on_my_account()
  And user click on Register option                                           # null
  And user fill the register form with below information                      # null
  And user accept privacyPolicy                                               # null
  And user click on Continue Button                                           # null
  Then user should see a successfull message "Your Account Has Been Created!" # null
 INFO [main] (Initialzer.java:19)- Scenario Register to Retail WebsiteUNDEFINED
]]></system-out>
    <system-err><![CDATA[SLF4J: Failed to load class "org.slf4j.impl.StaticLoggerBinder".
SLF4J: Defaulting to no-operation (NOP) logger implementation
SLF4J: See http://www.slf4j.org/codes.html#StaticLoggerBinder for further details.
Starting ChromeDriver 105.0.5195.52 (412c95e518836d8a7d97250d62b29c2ae6a26a85-refs/branch-heads/5195@{#853}) on port 44764
Only local connections are allowed.
Please see https://chromedriver.chromium.org/security-considerations for suggestions on keeping ChromeDriver safe.
ChromeDriver was started successfully.
Sep 08, 2022 3:57:32 PM org.openqa.selenium.remote.ProtocolHandshake createSession
INFO: Detected dialect: W3C
]]></system-err>
  </testcase>
</testsuite>